[debug] [2024-11-25T04:33:17.087Z] ----------------------------------------------------------------------
[debug] [2024-11-25T04:33:17.094Z] Command:       C:\Program Files\nodejs\node.exe C:\Users\Marco Dev\AppData\Roaming\npm\node_modules\firebase-tools\lib\bin\firebase.js init
[debug] [2024-11-25T04:33:17.095Z] CLI Version:   13.27.0
[debug] [2024-11-25T04:33:17.096Z] Platform:      win32
[debug] [2024-11-25T04:33:17.096Z] Node Version:  v20.11.1
[debug] [2024-11-25T04:33:17.097Z] Time:          Mon Nov 25 2024 01:33:17 GMT-0300 (hora estándar de Argentina)
[debug] [2024-11-25T04:33:17.097Z] ----------------------------------------------------------------------
[debug] 
[debug] [2024-11-25T04:33:17.114Z] > command requires scopes: ["email","openid","https://www.googleapis.com/auth/cloudplatformprojects.readonly","https://www.googleapis.com/auth/firebase","https://www.googleapis.com/auth/cloud-platform"]
[debug] [2024-11-25T04:33:17.115Z] > authorizing via signed-in user (marcosotoladev@gmail.com)
[info] 
     ######## #### ########  ######## ########     ###     ######  ########
     ##        ##  ##     ## ##       ##     ##  ##   ##  ##       ##
     ######    ##  ########  ######   ########  #########  ######  ######
     ##        ##  ##    ##  ##       ##     ## ##     ##       ## ##
     ##       #### ##     ## ######## ########  ##     ##  ######  ########

You're about to initialize a Firebase project in this directory:

  C:\Users\Marco Dev\Desktop\Proyectos\Cuentas Abuela\cuentas-abuela

[info] 
=== Project Setup
[info] 
[info] First, let's associate this project directory with a Firebase project.
[info] You can create multiple project aliases by running firebase use --add, 
[info] but for now we'll just set up a default project.
[info] 
[debug] [2024-11-25T04:33:27.451Z] Checked if tokens are valid: true, expires at: 1732512540827
[debug] [2024-11-25T04:33:27.452Z] Checked if tokens are valid: true, expires at: 1732512540827
[debug] [2024-11-25T04:33:27.456Z] >>> [apiv2][query] GET https://firebase.googleapis.com/v1beta1/projects pageSize=100
[debug] [2024-11-25T04:33:28.268Z] <<< [apiv2][status] GET https://firebase.googleapis.com/v1beta1/projects 200
[debug] [2024-11-25T04:33:28.268Z] <<< [apiv2][body] GET https://firebase.googleapis.com/v1beta1/projects [omitted]
[debug] [2024-11-25T04:42:22.396Z] ----------------------------------------------------------------------
[debug] [2024-11-25T04:42:22.403Z] Command:       C:\Program Files\nodejs\node.exe C:\Users\Marco Dev\AppData\Roaming\npm\node_modules\firebase-tools\lib\bin\firebase.js init
[debug] [2024-11-25T04:42:22.404Z] CLI Version:   13.27.0
[debug] [2024-11-25T04:42:22.405Z] Platform:      win32
[debug] [2024-11-25T04:42:22.405Z] Node Version:  v20.11.1
[debug] [2024-11-25T04:42:22.405Z] Time:          Mon Nov 25 2024 01:42:22 GMT-0300 (hora estándar de Argentina)
[debug] [2024-11-25T04:42:22.406Z] ----------------------------------------------------------------------
[debug] 
[debug] [2024-11-25T04:42:22.421Z] > command requires scopes: ["email","openid","https://www.googleapis.com/auth/cloudplatformprojects.readonly","https://www.googleapis.com/auth/firebase","https://www.googleapis.com/auth/cloud-platform"]
[debug] [2024-11-25T04:42:22.422Z] > authorizing via signed-in user (marcosotoladev@gmail.com)
[info] 
     ######## #### ########  ######## ########     ###     ######  ########
     ##        ##  ##     ## ##       ##     ##  ##   ##  ##       ##
     ######    ##  ########  ######   ########  #########  ######  ######
     ##        ##  ##    ##  ##       ##     ## ##     ##       ## ##
     ##       #### ##     ## ######## ########  ##     ##  ######  ########

You're about to initialize a Firebase project in this directory:

  C:\Users\Marco Dev\Desktop\Proyectos\Cuentas Abuela\cuentas-abuela

[info] 
=== Project Setup
[info] 
[info] First, let's associate this project directory with a Firebase project.
[info] You can create multiple project aliases by running firebase use --add, 
[info] but for now we'll just set up a default project.
[info] 
[debug] [2024-11-25T04:42:38.739Z] Checked if tokens are valid: true, expires at: 1732512540827
[debug] [2024-11-25T04:42:38.740Z] Checked if tokens are valid: true, expires at: 1732512540827
[debug] [2024-11-25T04:42:38.744Z] >>> [apiv2][query] GET https://firebase.googleapis.com/v1beta1/projects pageSize=100
[debug] [2024-11-25T04:42:39.678Z] <<< [apiv2][status] GET https://firebase.googleapis.com/v1beta1/projects 200
[debug] [2024-11-25T04:42:39.678Z] <<< [apiv2][body] GET https://firebase.googleapis.com/v1beta1/projects [omitted]
